<?xml version="1.0" encoding="UTF-8"?>
<testsuite xmlns:xsi="http://www.w3.org/2001/XMLSchema-instance" xsi:noNamespaceSchemaLocation="https://maven.apache.org/surefire/maven-surefire-plugin/xsd/surefire-test-report-3.0.xsd" version="3.0" name="TesteBasico" time="0.97" tests="1" errors="0" skipped="0" failures="0">
  <properties>
    <property name="sun.desktop" value="windows"/>
    <property name="awt.toolkit" value="sun.awt.windows.WToolkit"/>
    <property name="file.encoding.pkg" value="sun.io"/>
    <property name="java.specification.version" value="1.8"/>
    <property name="sun.cpu.isalist" value="amd64"/>
    <property name="sun.jnu.encoding" value="Cp1252"/>
    <property name="java.class.path" value="C:\Users\User\eclipse-workspace\Case2-Outsera-API_T1\target\test-classes;C:\Users\User\eclipse-workspace\Case2-Outsera-API_T1\target\classes;C:\Users\User\.m2\repository\io\rest-assured\rest-assured\5.3.0\rest-assured-5.3.0.jar;C:\Users\User\.m2\repository\org\apache\groovy\groovy\4.0.6\groovy-4.0.6.jar;C:\Users\User\.m2\repository\org\apache\groovy\groovy-xml\4.0.6\groovy-xml-4.0.6.jar;C:\Users\User\.m2\repository\org\apache\httpcomponents\httpclient\4.5.13\httpclient-4.5.13.jar;C:\Users\User\.m2\repository\org\apache\httpcomponents\httpcore\4.4.13\httpcore-4.4.13.jar;C:\Users\User\.m2\repository\commons-logging\commons-logging\1.2\commons-logging-1.2.jar;C:\Users\User\.m2\repository\commons-codec\commons-codec\1.11\commons-codec-1.11.jar;C:\Users\User\.m2\repository\org\apache\httpcomponents\httpmime\4.5.13\httpmime-4.5.13.jar;C:\Users\User\.m2\repository\org\ccil\cowan\tagsoup\tagsoup\1.2.1\tagsoup-1.2.1.jar;C:\Users\User\.m2\repository\io\rest-assured\xml-path\5.3.0\xml-path-5.3.0.jar;C:\Users\User\.m2\repository\org\apache\commons\commons-lang3\3.11\commons-lang3-3.11.jar;C:\Users\User\.m2\repository\io\rest-assured\json-path\5.3.0\json-path-5.3.0.jar;C:\Users\User\.m2\repository\org\apache\groovy\groovy-json\4.0.6\groovy-json-4.0.6.jar;C:\Users\User\.m2\repository\io\rest-assured\rest-assured-common\5.3.0\rest-assured-common-5.3.0.jar;C:\Users\User\.m2\repository\org\junit\jupiter\junit-jupiter\5.10.0\junit-jupiter-5.10.0.jar;C:\Users\User\.m2\repository\org\junit\jupiter\junit-jupiter-api\5.10.0\junit-jupiter-api-5.10.0.jar;C:\Users\User\.m2\repository\org\opentest4j\opentest4j\1.3.0\opentest4j-1.3.0.jar;C:\Users\User\.m2\repository\org\junit\platform\junit-platform-commons\1.10.0\junit-platform-commons-1.10.0.jar;C:\Users\User\.m2\repository\org\apiguardian\apiguardian-api\1.1.2\apiguardian-api-1.1.2.jar;C:\Users\User\.m2\repository\org\junit\jupiter\junit-jupiter-params\5.10.0\junit-jupiter-params-5.10.0.jar;C:\Users\User\.m2\repository\org\junit\jupiter\junit-jupiter-engine\5.10.0\junit-jupiter-engine-5.10.0.jar;C:\Users\User\.m2\repository\org\junit\platform\junit-platform-engine\1.10.0\junit-platform-engine-1.10.0.jar;C:\Users\User\.m2\repository\com\fasterxml\jackson\core\jackson-databind\2.15.2\jackson-databind-2.15.2.jar;C:\Users\User\.m2\repository\com\fasterxml\jackson\core\jackson-annotations\2.15.2\jackson-annotations-2.15.2.jar;C:\Users\User\.m2\repository\com\fasterxml\jackson\core\jackson-core\2.15.2\jackson-core-2.15.2.jar;C:\Users\User\.m2\repository\org\hamcrest\hamcrest\2.2\hamcrest-2.2.jar;"/>
    <property name="java.vm.vendor" value="Oracle Corporation"/>
    <property name="sun.arch.data.model" value="64"/>
    <property name="user.variant" value=""/>
    <property name="java.vendor.url" value="http://java.oracle.com/"/>
    <property name="user.timezone" value="America/Sao_Paulo"/>
    <property name="java.vm.specification.version" value="1.8"/>
    <property name="os.name" value="Windows 11"/>
    <property name="user.country" value="US"/>
    <property name="sun.java.launcher" value="SUN_STANDARD"/>
    <property name="sun.boot.library.path" value="C:\Program Files\Java\jdk-1.8\jre\bin"/>
    <property name="sun.java.command" value="C:\Users\User\AppData\Local\Temp\surefire590217028855786631\surefirebooter-20250202214104494_3.jar C:\Users\User\AppData\Local\Temp\surefire590217028855786631 2025-02-02T21-41-04_177-jvmRun1 surefire-20250202214104494_1tmp surefire_0-20250202214104494_2tmp"/>
    <property name="surefire.test.class.path" value="C:\Users\User\eclipse-workspace\Case2-Outsera-API_T1\target\test-classes;C:\Users\User\eclipse-workspace\Case2-Outsera-API_T1\target\classes;C:\Users\User\.m2\repository\io\rest-assured\rest-assured\5.3.0\rest-assured-5.3.0.jar;C:\Users\User\.m2\repository\org\apache\groovy\groovy\4.0.6\groovy-4.0.6.jar;C:\Users\User\.m2\repository\org\apache\groovy\groovy-xml\4.0.6\groovy-xml-4.0.6.jar;C:\Users\User\.m2\repository\org\apache\httpcomponents\httpclient\4.5.13\httpclient-4.5.13.jar;C:\Users\User\.m2\repository\org\apache\httpcomponents\httpcore\4.4.13\httpcore-4.4.13.jar;C:\Users\User\.m2\repository\commons-logging\commons-logging\1.2\commons-logging-1.2.jar;C:\Users\User\.m2\repository\commons-codec\commons-codec\1.11\commons-codec-1.11.jar;C:\Users\User\.m2\repository\org\apache\httpcomponents\httpmime\4.5.13\httpmime-4.5.13.jar;C:\Users\User\.m2\repository\org\ccil\cowan\tagsoup\tagsoup\1.2.1\tagsoup-1.2.1.jar;C:\Users\User\.m2\repository\io\rest-assured\xml-path\5.3.0\xml-path-5.3.0.jar;C:\Users\User\.m2\repository\org\apache\commons\commons-lang3\3.11\commons-lang3-3.11.jar;C:\Users\User\.m2\repository\io\rest-assured\json-path\5.3.0\json-path-5.3.0.jar;C:\Users\User\.m2\repository\org\apache\groovy\groovy-json\4.0.6\groovy-json-4.0.6.jar;C:\Users\User\.m2\repository\io\rest-assured\rest-assured-common\5.3.0\rest-assured-common-5.3.0.jar;C:\Users\User\.m2\repository\org\junit\jupiter\junit-jupiter\5.10.0\junit-jupiter-5.10.0.jar;C:\Users\User\.m2\repository\org\junit\jupiter\junit-jupiter-api\5.10.0\junit-jupiter-api-5.10.0.jar;C:\Users\User\.m2\repository\org\opentest4j\opentest4j\1.3.0\opentest4j-1.3.0.jar;C:\Users\User\.m2\repository\org\junit\platform\junit-platform-commons\1.10.0\junit-platform-commons-1.10.0.jar;C:\Users\User\.m2\repository\org\apiguardian\apiguardian-api\1.1.2\apiguardian-api-1.1.2.jar;C:\Users\User\.m2\repository\org\junit\jupiter\junit-jupiter-params\5.10.0\junit-jupiter-params-5.10.0.jar;C:\Users\User\.m2\repository\org\junit\jupiter\junit-jupiter-engine\5.10.0\junit-jupiter-engine-5.10.0.jar;C:\Users\User\.m2\repository\org\junit\platform\junit-platform-engine\1.10.0\junit-platform-engine-1.10.0.jar;C:\Users\User\.m2\repository\com\fasterxml\jackson\core\jackson-databind\2.15.2\jackson-databind-2.15.2.jar;C:\Users\User\.m2\repository\com\fasterxml\jackson\core\jackson-annotations\2.15.2\jackson-annotations-2.15.2.jar;C:\Users\User\.m2\repository\com\fasterxml\jackson\core\jackson-core\2.15.2\jackson-core-2.15.2.jar;C:\Users\User\.m2\repository\org\hamcrest\hamcrest\2.2\hamcrest-2.2.jar;"/>
    <property name="sun.cpu.endian" value="little"/>
    <property name="user.home" value="C:\Users\User"/>
    <property name="user.language" value="en"/>
    <property name="java.specification.vendor" value="Oracle Corporation"/>
    <property name="java.home" value="C:\Program Files\Java\jdk-1.8\jre"/>
    <property name="basedir" value="C:\Users\User\eclipse-workspace\Case2-Outsera-API_T1"/>
    <property name="style.color" value="always"/>
    <property name="file.separator" value="\"/>
    <property name="line.separator" value="&#10;"/>
    <property name="java.vm.specification.vendor" value="Oracle Corporation"/>
    <property name="java.specification.name" value="Java Platform API Specification"/>
    <property name="java.awt.graphicsenv" value="sun.awt.Win32GraphicsEnvironment"/>
    <property name="surefire.real.class.path" value="C:\Users\User\AppData\Local\Temp\surefire590217028855786631\surefirebooter-20250202214104494_3.jar"/>
    <property name="sun.boot.class.path" value="C:\Program Files\Java\jdk-1.8\jre\lib\resources.jar;C:\Program Files\Java\jdk-1.8\jre\lib\rt.jar;C:\Program Files\Java\jdk-1.8\jre\lib\jsse.jar;C:\Program Files\Java\jdk-1.8\jre\lib\jce.jar;C:\Program Files\Java\jdk-1.8\jre\lib\charsets.jar;C:\Program Files\Java\jdk-1.8\jre\lib\jfr.jar;C:\Program Files\Java\jdk-1.8\jre\classes"/>
    <property name="user.script" value=""/>
    <property name="sun.management.compiler" value="HotSpot 64-Bit Tiered Compilers"/>
    <property name="java.runtime.version" value="1.8.0_421-b09"/>
    <property name="user.name" value="User"/>
    <property name="path.separator" value=";"/>
    <property name="os.version" value="10.0"/>
    <property name="java.endorsed.dirs" value="C:\Program Files\Java\jdk-1.8\jre\lib\endorsed"/>
    <property name="java.runtime.name" value="Java(TM) SE Runtime Environment"/>
    <property name="file.encoding" value="Cp1252"/>
    <property name="java.vm.name" value="Java HotSpot(TM) 64-Bit Server VM"/>
    <property name="localRepository" value="C:\Users\User\.m2\repository"/>
    <property name="java.vendor.url.bug" value="http://bugreport.sun.com/bugreport/"/>
    <property name="java.io.tmpdir" value="C:\Users\User\AppData\Local\Temp\"/>
    <property name="java.version" value="1.8.0_421"/>
    <property name="user.dir" value="C:\Users\User\eclipse-workspace\Case2-Outsera-API_T1"/>
    <property name="os.arch" value="amd64"/>
    <property name="java.vm.specification.name" value="Java Virtual Machine Specification"/>
    <property name="java.awt.printerjob" value="sun.awt.windows.WPrinterJob"/>
    <property name="sun.os.patch.level" value=""/>
    <property name="java.library.path" value="C:\Program Files\Java\jdk-1.8\jre\bin;C:\WINDOWS\Sun\Java\bin;C:\WINDOWS\system32;C:\WINDOWS;C:/Users/User/.p2/pool/plugins/org.eclipse.justj.openjdk.hotspot.jre.full.win32.x86_64_22.0.2.v20240802-1626/jre/bin/server;C:/Users/User/.p2/pool/plugins/org.eclipse.justj.openjdk.hotspot.jre.full.win32.x86_64_22.0.2.v20240802-1626/jre/bin;C:\Program Files\Eclipse Adoptium\jdk-8.0.422.5-hotspot\bin;C:\WINDOWS\system32;C:\WINDOWS;C:\WINDOWS\System32\Wbem;C:\WINDOWS\System32\WindowsPowerShell\v1.0\;C:\WINDOWS\System32\OpenSSH\;C:\Program Files\Java\jdk-11\bin;C:\Program Files\nodejs\;C:\Program Files\Git\cmd;C:\Users\User\AppData\Local\Programs\Python\Launcher\;C:\Users\User\AppData\Local\Microsoft\WindowsApps;C:\Users\User\AppData\Local\Programs\Microsoft VS Code\bin;&quot;C:\Program Files\Android\Android Studio\bin\tools;C:\Program Files\Android\Android Studio\bin\platform-tools&quot;;C:\Users\User\AppData\Roaming\npm;C:\Program Files\Git\bin;C:\Program Files\Apache\apache-maven-3.9.9\bin;C:\Program Files\Java\jdk-11\bin;C:\Windows\geckodriver.exe;;C:\Users\User\eclipse\java-2024-09\eclipse;;."/>
    <property name="java.vm.info" value="mixed mode"/>
    <property name="java.vendor" value="Oracle Corporation"/>
    <property name="java.vm.version" value="25.421-b09"/>
    <property name="java.specification.maintenance.version" value="5"/>
    <property name="java.ext.dirs" value="C:\Program Files\Java\jdk-1.8\jre\lib\ext;C:\WINDOWS\Sun\Java\lib\ext"/>
    <property name="sun.io.unicode.encoding" value="UnicodeLittle"/>
    <property name="java.class.version" value="52.0"/>
  </properties>
  <testcase name="testGetBooking" classname="TesteBasico" time="0.968">
    <system-out><![CDATA[HTTP/1.1 200 OK
Server: Cowboy
Report-To: {"group":"heroku-nel","max_age":3600,"endpoints":[{"url":"https://nel.heroku.com/reports?ts=1738543294&sid=c46efe9b-d3d2-4a0c-8c76-bfafa16c5add&s=%2Bs8dte%2BpBKKZAdF2be3jOhNYQxm4DmhggNpJugmqEnI%3D"}]}
Reporting-Endpoints: heroku-nel=https://nel.heroku.com/reports?ts=1738543294&sid=c46efe9b-d3d2-4a0c-8c76-bfafa16c5add&s=%2Bs8dte%2BpBKKZAdF2be3jOhNYQxm4DmhggNpJugmqEnI%3D
Nel: {"report_to":"heroku-nel","max_age":3600,"success_fraction":0.005,"failure_fraction":0.05,"response_headers":["Via"]}
Connection: keep-alive
X-Powered-By: Express
Content-Type: application/json; charset=utf-8
Content-Length: 5130
Etag: W/"140a-Qkegsal9uU1FVLN1EKrP/U892cU"
Date: Mon, 03 Feb 2025 00:41:34 GMT
Via: 1.1 vegur

[
    {
        "bookingid": 119
    },
    {
        "bookingid": 359
    },
    {
        "bookingid": 402
    },
    {
        "bookingid": 344
    },
    {
        "bookingid": 106
    },
    {
        "bookingid": 326
    },
    {
        "bookingid": 94
    },
    {
        "bookingid": 252
    },
    {
        "bookingid": 271
    },
    {
        "bookingid": 353
    },
    {
        "bookingid": 250
    },
    {
        "bookingid": 52
    },
    {
        "bookingid": 392
    },
    {
        "bookingid": 191
    },
    {
        "bookingid": 316
    },
    {
        "bookingid": 6
    },
    {
        "bookingid": 386
    },
    {
        "bookingid": 162
    },
    {
        "bookingid": 390
    },
    {
        "bookingid": 339
    },
    {
        "bookingid": 308
    },
    {
        "bookingid": 301
    },
    {
        "bookingid": 171
    },
    {
        "bookingid": 246
    },
    {
        "bookingid": 51
    },
    {
        "bookingid": 81
    },
    {
        "bookingid": 298
    },
    {
        "bookingid": 255
    },
    {
        "bookingid": 302
    },
    {
        "bookingid": 264
    },
    {
        "bookingid": 45
    },
    {
        "bookingid": 166
    },
    {
        "bookingid": 244
    },
    {
        "bookingid": 354
    },
    {
        "bookingid": 238
    },
    {
        "bookingid": 61
    },
    {
        "bookingid": 67
    },
    {
        "bookingid": 240
    },
    {
        "bookingid": 23
    },
    {
        "bookingid": 1
    },
    {
        "bookingid": 44
    },
    {
        "bookingid": 182
    },
    {
        "bookingid": 179
    },
    {
        "bookingid": 107
    },
    {
        "bookingid": 276
    },
    {
        "bookingid": 70
    },
    {
        "bookingid": 333
    },
    {
        "bookingid": 186
    },
    {
        "bookingid": 216
    },
    {
        "bookingid": 159
    },
    {
        "bookingid": 198
    },
    {
        "bookingid": 178
    },
    {
        "bookingid": 137
    },
    {
        "bookingid": 13
    },
    {
        "bookingid": 14
    },
    {
        "bookingid": 374
    },
    {
        "bookingid": 20
    },
    {
        "bookingid": 275
    },
    {
        "bookingid": 376
    },
    {
        "bookingid": 90
    },
    {
        "bookingid": 25
    },
    {
        "bookingid": 177
    },
    {
        "bookingid": 203
    },
    {
        "bookingid": 87
    },
    {
        "bookingid": 35
    },
    {
        "bookingid": 280
    },
    {
        "bookingid": 239
    },
    {
        "bookingid": 323
    },
    {
        "bookingid": 118
    },
    {
        "bookingid": 56
    },
    {
        "bookingid": 26
    },
    {
        "bookingid": 99
    },
    {
        "bookingid": 73
    },
    {
        "bookingid": 293
    },
    {
        "bookingid": 109
    },
    {
        "bookingid": 189
    },
    {
        "bookingid": 349
    },
    {
        "bookingid": 8
    },
    {
        "bookingid": 160
    },
    {
        "bookingid": 88
    },
    {
        "bookingid": 55
    },
    {
        "bookingid": 395
    },
    {
        "bookingid": 369
    },
    {
        "bookingid": 141
    },
    {
        "bookingid": 294
    },
    {
        "bookingid": 383
    },
    {
        "bookingid": 29
    },
    {
        "bookingid": 360
    },
    {
        "bookingid": 258
    },
    {
        "bookingid": 336
    },
    {
        "bookingid": 364
    },
    {
        "bookingid": 133
    },
    {
        "bookingid": 286
    },
    {
        "bookingid": 202
    },
    {
        "bookingid": 371
    },
    {
        "bookingid": 201
    },
    {
        "bookingid": 181
    },
    {
        "bookingid": 41
    },
    {
        "bookingid": 36
    },
    {
        "bookingid": 24
    },
    {
        "bookingid": 403
    },
    {
        "bookingid": 400
    },
    {
        "bookingid": 144
    },
    {
        "bookingid": 17
    },
    {
        "bookingid": 148
    },
    {
        "bookingid": 204
    },
    {
        "bookingid": 34
    },
    {
        "bookingid": 311
    },
    {
        "bookingid": 214
    },
    {
        "bookingid": 59
    },
    {
        "bookingid": 167
    },
    {
        "bookingid": 195
    },
    {
        "bookingid": 188
    },
    {
        "bookingid": 91
    },
    {
        "bookingid": 283
    },
    {
        "bookingid": 48
    },
    {
        "bookingid": 211
    },
    {
        "bookingid": 172
    },
    {
        "bookingid": 93
    },
    {
        "bookingid": 263
    },
    {
        "bookingid": 82
    },
    {
        "bookingid": 39
    },
    {
        "bookingid": 125
    },
    {
        "bookingid": 223
    },
    {
        "bookingid": 138
    },
    {
        "bookingid": 7
    },
    {
        "bookingid": 289
    },
    {
        "bookingid": 315
    },
    {
        "bookingid": 2
    },
    {
        "bookingid": 231
    },
    {
        "bookingid": 306
    },
    {
        "bookingid": 377
    },
    {
        "bookingid": 105
    },
    {
        "bookingid": 387
    },
    {
        "bookingid": 367
    },
    {
        "bookingid": 154
    },
    {
        "bookingid": 346
    },
    {
        "bookingid": 259
    },
    {
        "bookingid": 42
    },
    {
        "bookingid": 102
    },
    {
        "bookingid": 95
    },
    {
        "bookingid": 229
    },
    {
        "bookingid": 128
    },
    {
        "bookingid": 296
    },
    {
        "bookingid": 4
    },
    {
        "bookingid": 389
    },
    {
        "bookingid": 38
    },
    {
        "bookingid": 120
    },
    {
        "bookingid": 153
    },
    {
        "bookingid": 10
    },
    {
        "bookingid": 348
    },
    {
        "bookingid": 3
    },
    {
        "bookingid": 124
    },
    {
        "bookingid": 112
    },
    {
        "bookingid": 249
    },
    {
        "bookingid": 79
    },
    {
        "bookingid": 146
    },
    {
        "bookingid": 165
    },
    {
        "bookingid": 37
    },
    {
        "bookingid": 233
    },
    {
        "bookingid": 32
    },
    {
        "bookingid": 117
    },
    {
        "bookingid": 361
    },
    {
        "bookingid": 256
    },
    {
        "bookingid": 299
    },
    {
        "bookingid": 332
    },
    {
        "bookingid": 22
    },
    {
        "bookingid": 19
    },
    {
        "bookingid": 245
    },
    {
        "bookingid": 18
    },
    {
        "bookingid": 261
    },
    {
        "bookingid": 175
    },
    {
        "bookingid": 50
    },
    {
        "bookingid": 288
    },
    {
        "bookingid": 58
    },
    {
        "bookingid": 224
    },
    {
        "bookingid": 329
    },
    {
        "bookingid": 217
    },
    {
        "bookingid": 76
    },
    {
        "bookingid": 132
    },
    {
        "bookingid": 135
    },
    {
        "bookingid": 382
    },
    {
        "bookingid": 96
    },
    {
        "bookingid": 379
    },
    {
        "bookingid": 111
    },
    {
        "bookingid": 366
    },
    {
        "bookingid": 318
    },
    {
        "bookingid": 184
    },
    {
        "bookingid": 136
    },
    {
        "bookingid": 305
    },
    {
        "bookingid": 243
    },
    {
        "bookingid": 343
    },
    {
        "bookingid": 237
    },
    {
        "bookingid": 251
    },
    {
        "bookingid": 100
    },
    {
        "bookingid": 219
    },
    {
        "bookingid": 319
    },
    {
        "bookingid": 358
    },
    {
        "bookingid": 365
    },
    {
        "bookingid": 394
    },
    {
        "bookingid": 15
    },
    {
        "bookingid": 341
    },
    {
        "bookingid": 54
    },
    {
        "bookingid": 199
    },
    {
        "bookingid": 113
    },
    {
        "bookingid": 304
    },
    {
        "bookingid": 161
    },
    {
        "bookingid": 396
    },
    {
        "bookingid": 126
    },
    {
        "bookingid": 267
    },
    {
        "bookingid": 327
    },
    {
        "bookingid": 115
    },
    {
        "bookingid": 209
    },
    {
        "bookingid": 168
    },
    {
        "bookingid": 347
    },
    {
        "bookingid": 130
    },
    {
        "bookingid": 46
    },
    {
        "bookingid": 228
    },
    {
        "bookingid": 207
    },
    {
        "bookingid": 312
    },
    {
        "bookingid": 9
    },
    {
        "bookingid": 149
    },
    {
        "bookingid": 335
    },
    {
        "bookingid": 351
    },
    {
        "bookingid": 262
    },
    {
        "bookingid": 292
    },
    {
        "bookingid": 16
    },
    {
        "bookingid": 320
    },
    {
        "bookingid": 208
    },
    {
        "bookingid": 232
    },
    {
        "bookingid": 230
    },
    {
        "bookingid": 28
    },
    {
        "bookingid": 155
    },
    {
        "bookingid": 31
    },
    {
        "bookingid": 40
    },
    {
        "bookingid": 338
    },
    {
        "bookingid": 193
    },
    {
        "bookingid": 368
    },
    {
        "bookingid": 397
    },
    {
        "bookingid": 378
    },
    {
        "bookingid": 268
    },
    {
        "bookingid": 190
    },
    {
        "bookingid": 85
    },
    {
        "bookingid": 284
    },
    {
        "bookingid": 53
    },
    {
        "bookingid": 213
    },
    {
        "bookingid": 147
    },
    {
        "bookingid": 225
    },
    {
        "bookingid": 401
    },
    {
        "bookingid": 63
    },
    {
        "bookingid": 324
    },
    {
        "bookingid": 84
    },
    {
        "bookingid": 174
    },
    {
        "bookingid": 196
    },
    {
        "bookingid": 12
    },
    {
        "bookingid": 49
    },
    {
        "bookingid": 66
    },
    {
        "bookingid": 101
    },
    {
        "bookingid": 145
    },
    {
        "bookingid": 218
    },
    {
        "bookingid": 156
    },
    {
        "bookingid": 385
    },
    {
        "bookingid": 278
    },
    {
        "bookingid": 287
    },
    {
        "bookingid": 72
    },
    {
        "bookingid": 282
    },
    {
        "bookingid": 314
    },
    {
        "bookingid": 185
    },
    {
        "bookingid": 310
    },
    {
        "bookingid": 5
    },
    {
        "bookingid": 123
    },
    {
        "bookingid": 68
    },
    {
        "bookingid": 62
    },
    {
        "bookingid": 372
    },
    {
        "bookingid": 274
    },
    {
        "bookingid": 60
    },
    {
        "bookingid": 27
    },
    {
        "bookingid": 270
    },
    {
        "bookingid": 33
    },
    {
        "bookingid": 277
    },
    {
        "bookingid": 11
    },
    {
        "bookingid": 74
    },
    {
        "bookingid": 221
    },
    {
        "bookingid": 330
    },
    {
        "bookingid": 140
    },
    {
        "bookingid": 78
    },
    {
        "bookingid": 30
    },
    {
        "bookingid": 269
    },
    {
        "bookingid": 356
    },
    {
        "bookingid": 110
    }
]
]]></system-out>
  </testcase>
</testsuite>